<?xml version="1.0" encoding="UTF-8"?>
<testsuite name="EnumRandomGeneratorTest" tests="1" skipped="0" failures="0" errors="0" timestamp="2024-11-16T11:38:32" hostname="LAPTOP-0BIHNAOP" time="0.035">
  <properties/>
  <testcase name="shouldReturnRandomEnumValueGivenEnumClass()" classname="EnumRandomGeneratorTest" time="0.035"/>
  <system-out><![CDATA[]]></system-out>
  <system-err><![CDATA[]]></system-err>
</testsuite>
